npm warn Unknown env config "python". This will stop working in the next major version of npm.

> school-database@0.1.0 dev
> next dev

 ⚠ Warning: Next.js inferred your workspace root, but it may not be correct.
 We detected multiple lockfiles and selected the directory of /home/engine/bun.lock as the root directory.
 To silence this warning, set `outputFileTracingRoot` in your Next.js config, or consider removing one of the lockfiles if it's not needed.
   See https://nextjs.org/docs/app/api-reference/config/next-config-js/output#caveats for more information.
 Detected additional lockfiles: 
   * /home/engine/project/package-lock.json

   ▲ Next.js 15.5.9
   - Local:        http://localhost:3000
   - Network:      http://10.16.87.61:3000

 ✓ Starting...
Attention: Next.js now collects completely anonymous telemetry regarding usage.
This information is used to shape Next.js' roadmap and prioritize features.
You can learn more, including how to opt-out if you'd not like to participate in this anonymous program, by visiting the following URL:
https://nextjs.org/telemetry

 ✓ Ready in 2.5s
 ○ Compiling / ...
 ✓ Compiled / in 8.2s (1298 modules)
 GET / 200 in 8884ms
 ✓ Compiled in 261ms (608 modules)
